Initialize engine version: 5.2.1p2 (008af436a8e0)
GfxDevice: creating device client; threaded=1
Direct3D:
    Version:  Direct3D 11.0 [level 11.0]
    Renderer: Intel(R) HD Graphics Family (ID=0xa16)
    Vendor:   Intel
    VRAM:     128 MB
Begin MonoManager ReloadAssembly
Platform assembly: D:\Project\Unity\GraduationThesis\legendships\LegendShips\BuildTest\test_Data\Managed\UnityEngine.dll (this message is harmless)
Loading D:\Project\Unity\GraduationThesis\legendships\LegendShips\BuildTest\test_Data\Managed\UnityEngine.dll into Unity Child Domain
Platform assembly: D:\Project\Unity\GraduationThesis\legendships\LegendShips\BuildTest\test_Data\Managed\Assembly-CSharp-firstpass.dll (this message is harmless)
Loading D:\Project\Unity\GraduationThesis\legendships\LegendShips\BuildTest\test_Data\Managed\Assembly-CSharp-firstpass.dll into Unity Child Domain
Platform assembly: D:\Project\Unity\GraduationThesis\legendships\LegendShips\BuildTest\test_Data\Managed\Assembly-CSharp.dll (this message is harmless)
Loading D:\Project\Unity\GraduationThesis\legendships\LegendShips\BuildTest\test_Data\Managed\Assembly-CSharp.dll into Unity Child Domain
Platform assembly: D:\Project\Unity\GraduationThesis\legendships\LegendShips\BuildTest\test_Data\Managed\UnityEngine.UI.dll (this message is harmless)
Loading D:\Project\Unity\GraduationThesis\legendships\LegendShips\BuildTest\test_Data\Managed\UnityEngine.UI.dll into Unity Child Domain
Platform assembly: D:\Project\Unity\GraduationThesis\legendships\LegendShips\BuildTest\test_Data\Managed\UnityEngine.Networking.dll (this message is harmless)
Loading D:\Project\Unity\GraduationThesis\legendships\LegendShips\BuildTest\test_Data\Managed\UnityEngine.Networking.dll into Unity Child Domain
Platform assembly: D:\Project\Unity\GraduationThesis\legendships\LegendShips\BuildTest\test_Data\Managed\IFacebook.dll (this message is harmless)
Loading D:\Project\Unity\GraduationThesis\legendships\LegendShips\BuildTest\test_Data\Managed\IFacebook.dll into Unity Child Domain
Platform assembly: D:\Project\Unity\GraduationThesis\legendships\LegendShips\BuildTest\test_Data\Managed\Parse.Unity.dll (this message is harmless)
Loading D:\Project\Unity\GraduationThesis\legendships\LegendShips\BuildTest\test_Data\Managed\Parse.Unity.dll into Unity Child Domain
Platform assembly: D:\Project\Unity\GraduationThesis\legendships\LegendShips\BuildTest\test_Data\Managed\Photon3Unity3D.dll (this message is harmless)
Loading D:\Project\Unity\GraduationThesis\legendships\LegendShips\BuildTest\test_Data\Managed\Photon3Unity3D.dll into Unity Child Domain
Platform assembly: D:\Project\Unity\GraduationThesis\legendships\LegendShips\BuildTest\test_Data\Managed\System.Core.dll (this message is harmless)
- Completed reload, in  0.180 seconds
desktop: 1366x768 60Hz; virtual: 1366x768 at 0,0
<RI> Initializing input.
<RI> Input initialized.
<RI> Initialized touch support.
Platform assembly: D:\Project\Unity\GraduationThesis\legendships\LegendShips\BuildTest\test_Data\Managed\System.dll (this message is harmless)
Setting up 1 worker threads for Enlighten.
  Thread -> id: 19f8 -> priority: 1 
OnStatusChanged: Connect
 
(Filename: C:/buildslave/unity/build/artifacts/generated/common/runtime/UnityEngineDebugBindings.gen.cpp Line: 64)

Connected to masterserver.
 
(Filename: C:/buildslave/unity/build/artifacts/generated/common/runtime/UnityEngineDebugBindings.gen.cpp Line: 64)

OnEvent: Event 226.
 
(Filename: C:/buildslave/unity/build/artifacts/generated/common/runtime/UnityEngineDebugBindings.gen.cpp Line: 64)

OnStatusChanged: EncryptionEstablished
 
(Filename: C:/buildslave/unity/build/artifacts/generated/common/runtime/UnityEngineDebugBindings.gen.cpp Line: 64)

OperationResponse 230: ReturnCode: 0.
 
(Filename: C:/buildslave/unity/build/artifacts/generated/common/runtime/UnityEngineDebugBindings.gen.cpp Line: 64)

OperationResponse 229: ReturnCode: 0.
 
(Filename: C:/buildslave/unity/build/artifacts/generated/common/runtime/UnityEngineDebugBindings.gen.cpp Line: 64)

OnEvent: Event 230.
 
(Filename: C:/buildslave/unity/build/artifacts/generated/common/runtime/UnityEngineDebugBindings.gen.cpp Line: 64)

Operation failed: OperationResponse 225: ReturnCode: 32760 (No match found). Parameters: {} Server: MasterServer
 
(Filename: C:/buildslave/unity/build/artifacts/generated/common/runtime/UnityEngineDebugBindings.gen.cpp Line: 64)

JoinRandom failed: No open game. Calling: OnPhotonRandomJoinFailed() and staying on master server.
 
(Filename: C:/buildslave/unity/build/artifacts/generated/common/runtime/UnityEngineDebugBindings.gen.cpp Line: 64)

OnPhotonRandomJoinFailed got called. Happens if no room is available (or all full or invisible or closed). JoinrRandom filter-options can limit available rooms.
 
(Filename: C:/buildslave/unity/build/artifacts/generated/common/runtime/UnityEngineDebugBindings.gen.cpp Line: 64)

OperationResponse 227: ReturnCode: 0.
 
(Filename: C:/buildslave/unity/build/artifacts/generated/common/runtime/UnityEngineDebugBindings.gen.cpp Line: 64)

OnStatusChanged: Disconnect
 
(Filename: C:/buildslave/unity/build/artifacts/generated/common/runtime/UnityEngineDebugBindings.gen.cpp Line: 64)

OnStatusChanged: Connect
 
(Filename: C:/buildslave/unity/build/artifacts/generated/common/runtime/UnityEngineDebugBindings.gen.cpp Line: 64)

Connected to gameserver.
 
(Filename: C:/buildslave/unity/build/artifacts/generated/common/runtime/UnityEngineDebugBindings.gen.cpp Line: 64)

OnStatusChanged: EncryptionEstablished
 
(Filename: C:/buildslave/unity/build/artifacts/generated/common/runtime/UnityEngineDebugBindings.gen.cpp Line: 64)

OperationResponse 230: ReturnCode: 0.
 
(Filename: C:/buildslave/unity/build/artifacts/generated/common/runtime/UnityEngineDebugBindings.gen.cpp Line: 64)

OperationResponse 227: ReturnCode: 0.
 
(Filename: C:/buildslave/unity/build/artifacts/generated/common/runtime/UnityEngineDebugBindings.gen.cpp Line: 64)

OnCreatedRoom
 
(Filename: C:/buildslave/unity/build/artifacts/generated/common/runtime/UnityEngineDebugBindings.gen.cpp Line: 64)

OnEvent: Event 255.
 
(Filename: C:/buildslave/unity/build/artifacts/generated/common/runtime/UnityEngineDebugBindings.gen.cpp Line: 64)

OnJoinedRoom
 
(Filename: C:/buildslave/unity/build/artifacts/generated/common/runtime/UnityEngineDebugBindings.gen.cpp Line: 64)

OperationResponse 252: ReturnCode: 0.
 
(Filename: C:/buildslave/unity/build/artifacts/generated/common/runtime/UnityEngineDebugBindings.gen.cpp Line: 64)

Initialize engine version: 5.2.1p2 (008af436a8e0)
GfxDevice: creating device client; threaded=1
Direct3D:
    Version:  Direct3D 11.0 [level 11.0]
    Renderer: Intel(R) HD Graphics Family (ID=0xa16)
    Vendor:   Intel
    VRAM:     128 MB
Begin MonoManager ReloadAssembly
Platform assembly: D:\Project\Unity\GraduationThesis\legendships\LegendShips\BuildTest\test_Data\Managed\UnityEngine.dll (this message is harmless)
Loading D:\Project\Unity\GraduationThesis\legendships\LegendShips\BuildTest\test_Data\Managed\UnityEngine.dll into Unity Child Domain
Platform assembly: D:\Project\Unity\GraduationThesis\legendships\LegendShips\BuildTest\test_Data\Managed\Assembly-CSharp-firstpass.dll (this message is harmless)
Loading D:\Project\Unity\GraduationThesis\legendships\LegendShips\BuildTest\test_Data\Managed\Assembly-CSharp-firstpass.dll into Unity Child Domain
Platform assembly: D:\Project\Unity\GraduationThesis\legendships\LegendShips\BuildTest\test_Data\Managed\Assembly-CSharp.dll (this message is harmless)
Loading D:\Project\Unity\GraduationThesis\legendships\LegendShips\BuildTest\test_Data\Managed\Assembly-CSharp.dll into Unity Child Domain
Platform assembly: D:\Project\Unity\GraduationThesis\legendships\LegendShips\BuildTest\test_Data\Managed\UnityEngine.UI.dll (this message is harmless)
Loading D:\Project\Unity\GraduationThesis\legendships\LegendShips\BuildTest\test_Data\Managed\UnityEngine.UI.dll into Unity Child Domain
Platform assembly: D:\Project\Unity\GraduationThesis\legendships\LegendShips\BuildTest\test_Data\Managed\UnityEngine.Networking.dll (this message is harmless)
Loading D:\Project\Unity\GraduationThesis\legendships\LegendShips\BuildTest\test_Data\Managed\UnityEngine.Networking.dll into Unity Child Domain
Platform assembly: D:\Project\Unity\GraduationThesis\legendships\LegendShips\BuildTest\test_Data\Managed\IFacebook.dll (this message is harmless)
Loading D:\Project\Unity\GraduationThesis\legendships\LegendShips\BuildTest\test_Data\Managed\IFacebook.dll into Unity Child Domain
Platform assembly: D:\Project\Unity\GraduationThesis\legendships\LegendShips\BuildTest\test_Data\Managed\Parse.Unity.dll (this message is harmless)
Loading D:\Project\Unity\GraduationThesis\legendships\LegendShips\BuildTest\test_Data\Managed\Parse.Unity.dll into Unity Child Domain
Platform assembly: D:\Project\Unity\GraduationThesis\legendships\LegendShips\BuildTest\test_Data\Managed\Photon3Unity3D.dll (this message is harmless)
Loading D:\Project\Unity\GraduationThesis\legendships\LegendShips\BuildTest\test_Data\Managed\Photon3Unity3D.dll into Unity Child Domain
Platform assembly: D:\Project\Unity\GraduationThesis\legendships\LegendShips\BuildTest\test_Data\Managed\System.Core.dll (this message is harmless)
- Completed reload, in  0.071 seconds
desktop: 1366x768 60Hz; virtual: 1366x768 at 0,0
<RI> Initializing input.
<RI> Input initialized.
<RI> Initialized touch support.
Initialize engine version: 5.2.1p2 (008af436a8e0)
GfxDevice: creating device client; threaded=1
Direct3D:
    Version:  Direct3D 11.0 [level 11.0]
    Renderer: Intel(R) HD Graphics Family (ID=0xa16)
    Vendor:   Intel
    VRAM:     128 MB
Begin MonoManager ReloadAssembly
Platform assembly: D:\Project\Unity\GraduationThesis\legendships\LegendShips\BuildTest\test_Data\Managed\UnityEngine.dll (this message is harmless)
Loading D:\Project\Unity\GraduationThesis\legendships\LegendShips\BuildTest\test_Data\Managed\UnityEngine.dll into Unity Child Domain
Platform assembly: D:\Project\Unity\GraduationThesis\legendships\LegendShips\BuildTest\test_Data\Managed\Assembly-CSharp-firstpass.dll (this message is harmless)
Loading D:\Project\Unity\GraduationThesis\legendships\LegendShips\BuildTest\test_Data\Managed\Assembly-CSharp-firstpass.dll into Unity Child Domain
Platform assembly: D:\Project\Unity\GraduationThesis\legendships\LegendShips\BuildTest\test_Data\Managed\Assembly-CSharp.dll (this message is harmless)
Loading D:\Project\Unity\GraduationThesis\legendships\LegendShips\BuildTest\test_Data\Managed\Assembly-CSharp.dll into Unity Child Domain
Platform assembly: D:\Project\Unity\GraduationThesis\legendships\LegendShips\BuildTest\test_Data\Managed\UnityEngine.UI.dll (this message is harmless)
Loading D:\Project\Unity\GraduationThesis\legendships\LegendShips\BuildTest\test_Data\Managed\UnityEngine.UI.dll into Unity Child Domain
Platform assembly: D:\Project\Unity\GraduationThesis\legendships\LegendShips\BuildTest\test_Data\Managed\UnityEngine.Networking.dll (this message is harmless)
Loading D:\Project\Unity\GraduationThesis\legendships\LegendShips\BuildTest\test_Data\Managed\UnityEngine.Networking.dll into Unity Child Domain
Platform assembly: D:\Project\Unity\GraduationThesis\legendships\LegendShips\BuildTest\test_Data\Managed\IFacebook.dll (this message is harmless)
Loading D:\Project\Unity\GraduationThesis\legendships\LegendShips\BuildTest\test_Data\Managed\IFacebook.dll into Unity Child Domain
Platform assembly: D:\Project\Unity\GraduationThesis\legendships\LegendShips\BuildTest\test_Data\Managed\Parse.Unity.dll (this message is harmless)
Loading D:\Project\Unity\GraduationThesis\legendships\LegendShips\BuildTest\test_Data\Managed\Parse.Unity.dll into Unity Child Domain
Platform assembly: D:\Project\Unity\GraduationThesis\legendships\LegendShips\BuildTest\test_Data\Managed\Photon3Unity3D.dll (this message is harmless)
Loading D:\Project\Unity\GraduationThesis\legendships\LegendShips\BuildTest\test_Data\Managed\Photon3Unity3D.dll into Unity Child Domain
Platform assembly: D:\Project\Unity\GraduationThesis\legendships\LegendShips\BuildTest\test_Data\Managed\System.Core.dll (this message is harmless)
- Completed reload, in  0.106 seconds
desktop: 1366x768 60Hz; virtual: 1366x768 at 0,0
<RI> Initializing input.
<RI> Input initialized.
Platform assembly: D:\Project\Unity\GraduationThesis\legendships\LegendShips\BuildTest\test_Data\Managed\System.dll (this message is harmless)
Setting up 1 worker threads for Enlighten.
  Thread -> id: 196c -> priority: 1 
OnStatusChanged: Connect
 
(Filename: C:/buildslave/unity/build/artifacts/generated/common/runtime/UnityEngineDebugBindings.gen.cpp Line: 64)

Connected to masterserver.
 
(Filename: C:/buildslave/unity/build/artifacts/generated/common/runtime/UnityEngineDebugBindings.gen.cpp Line: 64)

OnEvent: Event 226.
 
(Filename: C:/buildslave/unity/build/artifacts/generated/common/runtime/UnityEngineDebugBindings.gen.cpp Line: 64)

OnStatusChanged: EncryptionEstablished
 
(Filename: C:/buildslave/unity/build/artifacts/generated/common/runtime/UnityEngineDebugBindings.gen.cpp Line: 64)

OperationResponse 230: ReturnCode: 0.
 
(Filename: C:/buildslave/unity/build/artifacts/generated/common/runtime/UnityEngineDebugBindings.gen.cpp Line: 64)

<RI> Initialized touch support.
OperationResponse 229: ReturnCode: 0.
 
(Filename: C:/buildslave/unity/build/artifacts/generated/common/runtime/UnityEngineDebugBindings.gen.cpp Line: 64)

OnEvent: Event 230.
 
(Filename: C:/buildslave/unity/build/artifacts/generated/common/runtime/UnityEngineDebugBindings.gen.cpp Line: 64)

OperationResponse 225: ReturnCode: 0.
 
(Filename: C:/buildslave/unity/build/artifacts/generated/common/runtime/UnityEngineDebugBindings.gen.cpp Line: 64)

OnStatusChanged: Disconnect
 
(Filename: C:/buildslave/unity/build/artifacts/generated/common/runtime/UnityEngineDebugBindings.gen.cpp Line: 64)

OnStatusChanged: Connect
 
(Filename: C:/buildslave/unity/build/artifacts/generated/common/runtime/UnityEngineDebugBindings.gen.cpp Line: 64)

Connected to gameserver.
 
(Filename: C:/buildslave/unity/build/artifacts/generated/common/runtime/UnityEngineDebugBindings.gen.cpp Line: 64)

OnStatusChanged: EncryptionEstablished
 
(Filename: C:/buildslave/unity/build/artifacts/generated/common/runtime/UnityEngineDebugBindings.gen.cpp Line: 64)

OperationResponse 230: ReturnCode: 0.
 
(Filename: C:/buildslave/unity/build/artifacts/generated/common/runtime/UnityEngineDebugBindings.gen.cpp Line: 64)

OperationResponse 226: ReturnCode: 0.
 
(Filename: C:/buildslave/unity/build/artifacts/generated/common/runtime/UnityEngineDebugBindings.gen.cpp Line: 64)

OnEvent: Event 255.
 
(Filename: C:/buildslave/unity/build/artifacts/generated/common/runtime/UnityEngineDebugBindings.gen.cpp Line: 64)

OnEvent: Event 255.
 
(Filename: C:/buildslave/unity/build/artifacts/generated/common/runtime/UnityEngineDebugBindings.gen.cpp Line: 64)

OnJoinedRoom
 
(Filename: C:/buildslave/unity/build/artifacts/generated/common/runtime/UnityEngineDebugBindings.gen.cpp Line: 64)

Platform assembly: D:\Project\Unity\GraduationThesis\legendships\LegendShips\BuildTest\test_Data\Managed\System.dll (this message is harmless)
Setting up 1 worker threads for Enlighten.
  Thread -> id: 23d0 -> priority: 1 
OnStatusChanged: Connect
 
(Filename: C:/buildslave/unity/build/artifacts/generated/common/runtime/UnityEngineDebugBindings.gen.cpp Line: 64)

Connected to masterserver.
 
(Filename: C:/buildslave/unity/build/artifacts/generated/common/runtime/UnityEngineDebugBindings.gen.cpp Line: 64)

OnEvent: Event 226.
 
(Filename: C:/buildslave/unity/build/artifacts/generated/common/runtime/UnityEngineDebugBindings.gen.cpp Line: 64)

OnStatusChanged: EncryptionEstablished
 
(Filename: C:/buildslave/unity/build/artifacts/generated/common/runtime/UnityEngineDebugBindings.gen.cpp Line: 64)

OperationResponse 230: ReturnCode: 0.
 
(Filename: C:/buildslave/unity/build/artifacts/generated/common/runtime/UnityEngineDebugBindings.gen.cpp Line: 64)

OperationResponse 229: ReturnCode: 0.
 
(Filename: C:/buildslave/unity/build/artifacts/generated/common/runtime/UnityEngineDebugBindings.gen.cpp Line: 64)

OnEvent: Event 230.
 
(Filename: C:/buildslave/unity/build/artifacts/generated/common/runtime/UnityEngineDebugBindings.gen.cpp Line: 64)

OperationResponse 225: ReturnCode: 0.
 
(Filename: C:/buildslave/unity/build/artifacts/generated/common/runtime/UnityEngineDebugBindings.gen.cpp Line: 64)

OnStatusChanged: Disconnect
 
(Filename: C:/buildslave/unity/build/artifacts/generated/common/runtime/UnityEngineDebugBindings.gen.cpp Line: 64)

OnStatusChanged: Connect
 
(Filename: C:/buildslave/unity/build/artifacts/generated/common/runtime/UnityEngineDebugBindings.gen.cpp Line: 64)

Connected to gameserver.
 
(Filename: C:/buildslave/unity/build/artifacts/generated/common/runtime/UnityEngineDebugBindings.gen.cpp Line: 64)

OnStatusChanged: EncryptionEstablished
 
(Filename: C:/buildslave/unity/build/artifacts/generated/common/runtime/UnityEngineDebugBindings.gen.cpp Line: 64)

OperationResponse 230: ReturnCode: 0.
 
(Filename: C:/buildslave/unity/build/artifacts/generated/common/runtime/UnityEngineDebugBindings.gen.cpp Line: 64)

OnEvent: Event 255.
 
(Filename: C:/buildslave/unity/build/artifacts/generated/common/runtime/UnityEngineDebugBindings.gen.cpp Line: O4)

perationResponse 226: ReturnCode: 0.
 
(Filename: C:/buildslave/unity/build/artifacts/generated/common/runtime/UnityEngineDebugBivent:nEvings.gen..
 pp L
(Fine:ena 64)

/buildslave/unity/build/artifacts/generated/common/runtime/UnityEngineDebugBindings.gen.cpp Line: 64)

OnEvent: Event 255.
 
(Filename: C:/buildslave/unity/build/artifacts/generated/common/runtime/UnityEngineDebugBindings.gen.cpp Line: 64)

OnJoinedRoom
 
(Filename: C:/buildslave/unity/build/artifacts/generated/common/runtime/UnityEngineDebugBindings.gen.cpp Line: 64)

OnEvent: Event 255.
 
(Filename: C:/buildslave/unity/build/artifacts/generated/common/runtime/UnityEngineDebugBindings.gen.cpp Line: 64)

OnEvent: Event 255.
 
(Filename: C:/buildslave/unity/build/artifacts/generated/common/runtime/UnityEngineDebugBindings.gen.cpp Line: 64)

OnEvent: Event 255.
 
(Filename: C:/buildslave/unity/build/artifacts/generated/common/runtime/UnityEngineDebugBindings.gen.cpp Line: 64)

TEST:T3.01T8 34
 
(File
na
me: C:/buildslave/unitvy/ubuild/artifacts/acts/generated/common/runtime/UnigiyEnnineDebugBindings..gen.cpp LinTES64)T)
 

.
15058
 
(Filename: C:/buildsOnvevOnnt: Eventl2/art
i
aF
is
ename: C:/buildslave/unity/build/artifacts/generated/commcponLine: 64)

nityEngineDebugBindings.gen.cpp Line: 64)

nEvent: Event 253.
 
(Filename: C:/buildslave/unity/build/artifacts/generated/common/runtime/UnityEngineDebugBindings.gen.cpp Line: 64)

(Filename: C:/buildslave/unity/build/artifacts/generated/common/runtime/UnityEngineDebugBindings.gen.cpp Line: 64)

Unloading 4 Unused Serialized files (SeUinlozeUnfi4 Ungow4loaded:d Se
rializles (Serialized filed files now loaded
: 0)
UnlooadTime:: 67..4694603 mm
s
IOException: Sharing violation on path C:\Users\TP500\AppData\LocalLow\Thien_s Studio\LegendShips\Parse.settings
  at System.IO.FileStream..ctor (System.String path, FileMode mode, FileAccess access, FileShare share, Int32 bufferSize, Boolean anonymous, FileOptions options) [0x00000] in <filename unknown>:0 
  at System.IO.FileStream..ctor (System.String path, FileMode mode, FileAccess access, FileShare share, Int32 bufferSize, Boolean isAsync, Boolean anonymous) [0x00000] in <filename unknown>:0 
  at System.IO.FileStream..ctor (System.String path, FileMode mode, FileAccess access) [0x00000] in <filename unknown>:0 
  at Parse.PlatformHooks+SettingsWrapper.Save () [0x00000] in <filename unknown>:0 
  at Parse.PlatformHooks+SettingsWrapper.set_Item (System.String key, System.Object value) [0x00000] in <fIlOException: Sharing 
viol Parse.ParseUser.SaveCurP50tU\Aer ata\rse.ParseUser user) [ix00_s Studn <\ileegende hius\Parsn.settin
  as 
 ParseSParseU.IO.FileStream..ctor (System.S0] itring path, FileMode mode
, FileAccess access, FileShare share, Int32 bufferSizea, Boolevider provider) il0Oxtions optionfilename unknown <filen
ame unkrse.ParseFa
cebookUtils.Initialize () [0x00000] in <filename unknown>:0 
  at PaileAccess access, FileSharee  ) [0x00000]32 buffferSize, Boowl>:0 
  at Parse.ParseClient.Initialize (System.String aunknoation:I 
  at System.ng dotnettKey) [0x0 0000] in <filename unknown>:0 
  at Parse.Passaccess) [0x00000] in <filenalize () [0x0000
  at Parse.PlatformHooks+Set
tingsWrapper.Save () [0x00000] in <filename unknown>:0 
  at Parse.PlatformHoo
 
(FettingsWrapper.set_I

tem (System.String key, System.Object value) [0x00000] in <filename unknown>:0 
  at Parse.ParseUser.SaveCurrentUser (Parse.ParseUser user) [0x00000] in <filename unknown>:0 
  at Parse.ParseUser.get_CurrentUser () [0x00000] in <filename unknown>:0 
  at Parse.ParseUser.RegisterProvider (IParseAuthenticationProvider provider) [0x00000] in <filename unknown>:0 
  at Parse.ParseFacebookUtils.Initialize () [0x00000] in <filename unknown>:0 
  at Parse.PlatformHooks.Initialize () [0x00000] in <filename unknown>:0 
  at Parse.ParseClient.Initialize (System.String applicationId, System.String dotnetKey) [0x00000] in <filename unknown>:0 
  at Parse.ParseInitializeBehaviour.Initialize () [0x00000] in <filename unknown>:0 
  at Parse.ParseInitializeBehaviour.Awake () [0x00000] in <filename unknown>:0 
 
(Filename:  Line: -1)

Using SDK 6.2.2, Build 150414.98558e55096475c
 
(Filename: C:/buildUlaveng SDK 6.2.2, Build 150414.9855ee55096475cunt
ime/UnityEnginbeDlesluinBinniKgs.bui.dc, t ifa ets 61)n

ated/common/run
ti
me/UnityEngi:neDebugBindiuni.ty/buil Line: 64)

generateN/common/runtime/UnityEngineDebugBindings.gen.cpp LdExcep4)t
i
on: Facebook API does not yet support NotImplemented
ExceptBon: Facebook API does not yet sutpport thism platfoSrst
  at FB.Init (FaceboleaInitDelegate onInitComplete, Syestem.String appId, Boolean cooeain frictionlesgsRequests, Facebook.HideUnityDelegate onHideUnity, SysteessRequests,thResponse) [0x00000] in <filename unknown>:0 
  at FBa.Init ponse) [0x00000] in <filename umpnowne, Face
book.HideUnityDelegate onHideUnity, System.String authResponse) [0x000De0] in < ileHndeUnity, Syste0 .St
ring authResponse) [0x000) [0x00000] in <filename unknow
n>a:0 
 
(Filename:  Li ne: -10)

0] in <filename unknown>:0 
 
(Filename:  Line: -1)

NotImplementedException: Facebook API does not yet support this platform
  at FB.Init (Facebook.InitDelegate onInitComplete, System.String appId, Boolean cookie, Boolean logging, Boolean status, Boolean xfbml, Boolean frictionlessRequests, Facebook.HideUnityDelegate onHideUnity, System.String authResponse) [0x00000] in <filename unknown>:0 
  at FB.Init (Facebook.InitDelegate onInitComplete, Facebook.HideUnityDelegate onHideUnity, System.String authResponse) [0x00000] in <filename unknown>:0 
  at LoginManager.Awake () [0x00000] in <filename unknown>:0 
 
(Filename:  Line: -1)


UUnoaoadingg  2n uenused Assets to reducemory usage. Loaded Objectects now: 4s now: 416.
Tota
T:otal: 17.727734 2s (F (FinndLiveObbejts: ects: 042.78C586 ms CreateObjectMappinctMapping:  ms MarkObjects: 0bjects: ms  D3eleteObjects: Obje0ts006842 ms)

: 0.008125 ms)


Unloading 2 unused Assets to reduce memory usage. Loaded Objects now: 416.
Total: 1.036205 ms (FindLiveObjects: 0.058160 ms CreateObjectMapping: 0.040199 ms MarkObjects: 0.928436 ms  DeleteObjects: 0.008553 ms)

OnEvent: Event 253.
 
(Filename: C:/buildslave/unity/build/aOtinacts/generate d/3ommon
/r
untime/Uni yEngineDebugBindings.gen.cp/artif: ts/g
e
nerated/common/runtime/UnityEngineDebugBindings.gen.cpp Line: 64)

OnEvent: Event 253.
 
(Filename: C:/buildslave/unity/build/artifacts/generated/common/runtime/UnityEngineDebugBindings.gen.cpp Line: 64)

OperationRespOnper25at ReturnCodee 252
: 
RFilename: C:/b
ui
ldslave/uniC:/buildslartve/unity/bufacts/generated/commild/artime/UnityEngineDebugBindings.gen.cpp Line: 64)

usedOperatiized filesonResponsgenerated/urnCoder/runt
im
eFilename: C:/buildslave/unity/bcpp Line: 64)
/OgEvent: neerated/co
 
(Filename: C:/buildslave/unity/build/artifacts/generated/common/runtime/imliyEngineme/Uniindings.gen.cppzLine: 64)

.cpp Line: 64)

Unloading 3 Unused Serialized files (Serialized files now loaded: 0)
ed files now loaded: 0)
UnloadTime: 10.332974 ms
UnloadTime: 11.924276 ms

Unloading 5 unused Assets to reduce memory usage. Loaded Objects now: 303.
Total: 0.929719 ms (FindLiveObjects: 0.026942 ms CreateObjectMapping: 0.024803 ms MarkO
ects: 0.819385 ms  DeleteUbjnctso ading .556450 es)d

 Assets to reduce memory usage. Loaded Objects now: 303.
Total: 1.228222 ms (FindLiveObjects: 0.056877 ms CreateObjectMapping: 0.039344 ms MarkObjects: 1.110617 ms  DeleteObjects: 0.018816 ms)

OnEvent: Event 253.
 
(Filename: C:/buildslave/unity/build/artifacts/generated/common/runtime/UnityEngineDebugBindings.gen.cpp Line: 64)

OnEvent: Event 253.
O
(Filename: C:/buildspave/unity/build/artifacts/generated/common/runtime/UtitionRenponsDeeugBindings.gen.cpp Line: 64)

 ReturnCode: 0.
 
(Filename: C:/buildslave/unity/build/artifacts/generated/common/runtime/UnityEngineDebugBindings.gen.cpp Line: 64)

OnEvent: Event 253.
 
(Filename: C:/buildslave/unity/build/artifacts/generated/common/runtime/UnityEngineDebugBindings.gen.cpp Line: 64)

OnEvent: Event 253.
 
(Filename: C:/buildslave/unity/build/artifacts/generated/common/runtime/UnityEngineDebugBindings.gen.cpp Line: 64)

Unloading 2 Unused Serialized files (Serialized fUles now goadeUnused 
Serialized files (Serialized files now loaded: 0)
UnloadTime: 0.892086 ms
Using SDK 6.2.2, Build 150414.98558e55096475c
 
(Filename: C:/buildslave/unity/build/artifacts/generated/common/runtime/UnityEngineDebugBindings.gen.cpp Line: 64)

NotImplementedException: Facebook APnIoadTime: 0.8o4s8not yet suppo93 t s
his platform
  at FB.Init (Facebook.InitDelegate onInitComplete, SUstingStrK ng.appId, Boolea50414.98558eoolean0 loggin
g,
 Booename: C:/buildslave/unity/build/artifacctionlessRequests,oFacebntok.H/UnityEngineDebugBindings.gy,n.cystem.Se:ring a

uthResponse) [0x00000] in <filename unknown>:0N
  at FB.InidExc(Faion: Facebook Alegate onInitComplpte, Facebook.HideUnityDelegate onHideUnity, System.String outhResponse) [0rt0 this p <filename unknown>:0tfo
rm
t  LoginM.naInit (Facebook.InitDelegate olnInitConknown>: S
s 
(Fitlena appId, Boole:n cookie, Boolean logging, Boolean status, Boolean xfbml,-1)

oolean frictionlessRequests, Facebook.HideUnityDelegate onHideUnity, System.String authResponse) [0x00000] in <filename unknown>:0 
  at FB.Init (Facebook.InitDelegate onInitComplete, Facebook.HideUnityDelegate onHideUnity, System.String authResponse) [0x00000] in <filename unknown>:0 
  at LoginManager.Awake () [0x00000] in <filename unknown>:0 
 
(Filename:  Line: -1)


Unloading 1 unused Assets to reduce memory usage. Loaded Objects now: 421.
Total: 0.774909 ms (FindLiveObjects: 0.038916 ms CreateObjectMapping: 0.025659 ms MarkObjects: 0.703063 ms  DeleteObjects: 0.005987 ms)


Unloading 1 unused Assets to reduce memory usage. Loaded Objects now: 421.
Total: 1.135421 ms (FindLiveObjects: 0.026942 ms CreateObjectMapping: 0.020955 ms MarkObjects: 1.075549 ms  DeleteObjects: 0.011119 ms)

OnEvent: Event 254.
 
(Filename: C:/buildslave/unity/build/artifacts/generated/common/runtinEvmnt/: Evenng254.D
 
(Finleings.gen.cppildslave/u)

nity/build/artifacts/generateHandleEventLeave for player ID: 4
 
(Filename: C:/buildslave/unity/build/artifacts/generated/common/runtime/UnityEngineDebugBindings.gen.cpp Line: 64)

d/common/runtime/UnityEngineDebugBindings.gen.cpp Line: 64)

HandleEventLeave for player ID: 4
 
(Filename: C:/buOnEdslave/unnt 254.
 
(Filefnctme: /generated/aveommoity/butime/artifactsineDebugBin/inommon/rucpp Lineit Eng)i

neDebugBindings.gen.cpp Line: 64)

HandleEventLeave for player ID: 4
 
(Filename: C:/buildslave/unity/build/artifacts/generated/common/runtime/UnityEngineDebugBindings.gen.cpp Line: 64)

OnStatusChanged: Disconnect
 
(Filename: C:/buildslave/unity/build/artifacts/generated/common/runtime/UnityEngineDebugBindings.gen.cpp Line: 64)

OnStatusChanged: Disconnect
 
(Filename: C:/buildslave/unity/build/artifacts/generated/common/runtime/UnityEngineDebugBindings.gen.cpp Line: 64)

OnStatusChanged: Disconnect
 
(Filename: C:/buildslave/unity/build/artifacts/generated/common/runtime/UnityEngineDebugBindings.gen.cpp Line: 64)

